#
# A fatal error has been detected by the Java Runtime Environment:
#
#  EXCEPTION_ACCESS_VIOLATION (0xc0000005) at pc=0x00000000545f3142, pid=20492, tid=21708
#
# JRE version: Java(TM) SE Runtime Environment (8.0_45-b15) (build 1.8.0_45-b15)
# Java VM: Java HotSpot(TM) 64-Bit Server VM (25.45-b02 mixed mode windows-amd64 compressed oops)
# Problematic frame:
# V  [jvm.dll+0x143142]
#
# Failed to write core dump. Minidumps are not enabled by default on client versions of Windows
#
# If you would like to submit a bug report, please visit:
#   http://bugreport.java.com/bugreport/crash.jsp
#

---------------  T H R E A D  ---------------

Current thread (0x0000000019996000):  JavaThread "AWT-EventQueue-0" [_thread_in_vm, id=21708, stack(0x000000001ab40000,0x000000001ac40000)]

siginfo: ExceptionCode=0xc0000005, reading address 0x0000000000000000

Registers:
RAX=0x0000000000000000, RBX=0x0000000019996000, RCX=0x0000000000000600, RDX=0x0000000000000000
RSP=0x000000001ac3c470, RBP=0x0000000000000000, RSI=0x0000000000000000, RDI=0x0000000000000000
R8 =0x0000000000000000, R9 =0x0000000000000001, R10=0x0000000002ba5e08, R11=0x00000000546d7ca0
R12=0x0000000000000000, R13=0x000000001753ad30, R14=0x00000000199961f8, R15=0x0000000019996000
RIP=0x00000000545f3142, EFLAGS=0x0000000000010202

Top of Stack: (sp=0x000000001ac3c470)
0x000000001ac3c470:   000000001c5b1c70 00007ffd6a2e06e1
0x000000001ac3c480:   000000001ac3c5c8 0000000000b90000
0x000000001ac3c490:   0000000019996000 0000000000000000
0x000000001ac3c4a0:   0000000000000000 00007ffd613f0000
0x000000001ac3c4b0:   00000000199961f8 0000000054da8d94
0x000000001ac3c4c0:   000000001c5b1c70 000000001ac3c578
0x000000001ac3c4d0:   0000000000000000 00000000545a6041
0x000000001ac3c4e0:   0000000000000001 00007ffd613f1ffe
0x000000001ac3c4f0:   0000000000000000 000000001ac3ce30
0x000000001ac3c500:   0000000000210020 000000001753ad38
0x000000001ac3c510:   00007ffd613f1fc0 000000005527264f
0x000000001ac3c520:   00007ffd613f0000 00007ffd613f1fc0
0x000000001ac3c530:   000000001c5b1c70 000000001ac3c578
0x000000001ac3c540:   00000000d5e13ef0 0000000002d542c9
0x000000001ac3c550:   0000000016eb51f8 000000001ac3c5b0
0x000000001ac3c560:   0000000000000000 000000005456bb37 

Instructions: (pc=0x00000000545f3142)
0x00000000545f3122:   89 5c 24 20 48 89 74 24 28 48 39 73 08 74 0a 48
0x00000000545f3132:   8d 4c 24 20 e8 05 47 13 00 40 38 35 9e 6b 6b 00
0x00000000545f3142:   48 8b 3f 48 63 05 c0 e5 69 00 74 1b 8b 0c 38 85
0x00000000545f3152:   c9 74 7c 8b c1 8b 0d 3b d6 64 00 48 d3 e0 48 03 


Register to memory mapping:

RAX=0x0000000000000000 is an unknown value
RBX=0x0000000019996000 is a thread
RCX=0x0000000000000600 is an unknown value
RDX=0x0000000000000000 is an unknown value
RSP=0x000000001ac3c470 is pointing into the stack for thread: 0x0000000019996000
RBP=0x0000000000000000 is an unknown value
RSI=0x0000000000000000 is an unknown value
RDI=0x0000000000000000 is an unknown value
R8 =0x0000000000000000 is an unknown value
R9 =0x0000000000000001 is an unknown value
R10=0x0000000002ba5e08 is at code_begin+840 in an Interpreter codelet
method entry point (kind = native)  [0x0000000002ba5ac0, 0x0000000002ba6420]  2400 bytes
R11=0x00000000546d7ca0 is an unknown value
R12=0x0000000000000000 is an unknown value
R13=0x000000001753ad30 is pointing into metadata
R14=0x00000000199961f8 is an unknown value
R15=0x0000000019996000 is a thread


Stack: [0x000000001ab40000,0x000000001ac40000],  sp=0x000000001ac3c470,  free space=1009k
Native frames: (J=compiled Java code, j=interpreted, Vv=VM code, C=native code)

Java frames: (J=compiled Java code, j=interpreted, Vv=VM code)
j  jpcap.JpcapCaptor.setFilter(Ljava/lang/String;Z)V+0
j  common.NetworkCapture.<init>(Ljpcap/NetworkInterface;Lui/CapturePanel;)V+73
j  ui.CapturePanel.startBtnMouseClicked(Ljava/awt/event/MouseEvent;)V+10
j  ui.CapturePanel.access$000(Lui/CapturePanel;Ljava/awt/event/MouseEvent;)V+2
j  ui.CapturePanel$2.mouseClicked(Ljava/awt/event/MouseEvent;)V+5
j  java.awt.AWTEventMulticaster.mouseClicked(Ljava/awt/event/MouseEvent;)V+21
j  java.awt.AWTEventMulticaster.mouseClicked(Ljava/awt/event/MouseEvent;)V+8
j  java.awt.Component.processMouseEvent(Ljava/awt/event/MouseEvent;)V+74
j  javax.swing.JComponent.processMouseEvent(Ljava/awt/event/MouseEvent;)V+23
j  java.awt.Component.processEvent(Ljava/awt/AWTEvent;)V+81
j  java.awt.Container.processEvent(Ljava/awt/AWTEvent;)V+18
J 916 C1 java.awt.Component.dispatchEventImpl(Ljava/awt/AWTEvent;)V (883 bytes) @ 0x0000000002eabd84 [0x0000000002ea6880+0x5504]
J 934 C1 java.awt.Container.dispatchEventImpl(Ljava/awt/AWTEvent;)V (129 bytes) @ 0x0000000002eb8644 [0x0000000002eb8500+0x144]
J 875 C1 java.awt.Component.dispatchEvent(Ljava/awt/AWTEvent;)V (6 bytes) @ 0x0000000002e87a04 [0x0000000002e87900+0x104]
j  java.awt.LightweightDispatcher.retargetMouseEvent(Ljava/awt/Component;ILjava/awt/event/MouseEvent;)V+327
J 1077 C1 java.awt.LightweightDispatcher.processMouseEvent(Ljava/awt/event/MouseEvent;)Z (301 bytes) @ 0x0000000002f2f3a4 [0x0000000002f2dfa0+0x1404]
J 1094 C1 java.awt.LightweightDispatcher.dispatchEvent(Ljava/awt/AWTEvent;)Z (73 bytes) @ 0x0000000002f4107c [0x0000000002f40c40+0x43c]
J 934 C1 java.awt.Container.dispatchEventImpl(Ljava/awt/AWTEvent;)V (129 bytes) @ 0x0000000002eb85e4 [0x0000000002eb8500+0xe4]
J 1063 C1 java.awt.Window.dispatchEventImpl(Ljava/awt/AWTEvent;)V (23 bytes) @ 0x0000000002f238a4 [0x0000000002f232c0+0x5e4]
J 897 C1 java.awt.EventQueue.dispatchEventImpl(Ljava/awt/AWTEvent;Ljava/lang/Object;)V (149 bytes) @ 0x0000000002e9e2bc [0x0000000002e9ca80+0x183c]
J 895 C1 java.awt.EventQueue$3.run()Ljava/lang/Void; (60 bytes) @ 0x0000000002e973cc [0x0000000002e971c0+0x20c]
J 894 C1 java.awt.EventQueue$3.run()Ljava/lang/Object; (5 bytes) @ 0x0000000002e97a8c [0x0000000002e97a00+0x8c]
v  ~StubRoutines::call_stub
J 565  java.security.AccessController.doPrivileged(Ljava/security/PrivilegedAction;Ljava/security/AccessControlContext;)Ljava/lang/Object; (0 bytes) @ 0x0000000002de1466 [0x0000000002de1400+0x66]
J 569 C1 java.security.ProtectionDomain$1.doIntersectionPrivilege(Ljava/security/PrivilegedAction;Ljava/security/AccessControlContext;Ljava/security/AccessControlContext;)Ljava/lang/Object; (32 bytes) @ 0x0000000002de23fc [0x0000000002de2100+0x2fc]
J 1039 C1 java.awt.EventQueue$4.run()Ljava/lang/Object; (5 bytes) @ 0x0000000002f0ca8c [0x0000000002f0c6a0+0x3ec]
v  ~StubRoutines::call_stub
J 565  java.security.AccessController.doPrivileged(Ljava/security/PrivilegedAction;Ljava/security/AccessControlContext;)Ljava/lang/Object; (0 bytes) @ 0x0000000002de1466 [0x0000000002de1400+0x66]
J 856 C1 java.awt.EventQueue.dispatchEvent(Ljava/awt/AWTEvent;)V (80 bytes) @ 0x0000000002e7b9b4 [0x0000000002e7ad00+0xcb4]
J 858 C1 java.awt.EventDispatchThread.pumpOneEventForFilters(I)V (295 bytes) @ 0x0000000002e7ea24 [0x0000000002e7cec0+0x1b64]
j  java.awt.EventDispatchThread.pumpEventsForFilter(ILjava/awt/Conditional;Ljava/awt/EventFilter;)V+35
j  java.awt.EventDispatchThread.pumpEventsForHierarchy(ILjava/awt/Conditional;Ljava/awt/Component;)V+11
j  java.awt.EventDispatchThread.pumpEvents(ILjava/awt/Conditional;)V+4
j  java.awt.EventDispatchThread.pumpEvents(Ljava/awt/Conditional;)V+3
j  java.awt.EventDispatchThread.run()V+9
v  ~StubRoutines::call_stub

---------------  P R O C E S S  ---------------

Java Threads: ( => current thread )
  0x0000000019c11000 JavaThread "Image Fetcher 1" daemon [_thread_blocked, id=21676, stack(0x000000001be30000,0x000000001bf30000)]
  0x0000000019bcc800 JavaThread "Image Fetcher 0" daemon [_thread_blocked, id=21584, stack(0x000000001bd30000,0x000000001be30000)]
  0x0000000019bbe000 JavaThread "TimerQueue" daemon [_thread_blocked, id=15676, stack(0x000000001ba30000,0x000000001bb30000)]
  0x0000000000b9e000 JavaThread "DestroyJavaVM" [_thread_blocked, id=22308, stack(0x0000000002890000,0x0000000002990000)]
=>0x0000000019996000 JavaThread "AWT-EventQueue-0" [_thread_in_vm, id=21708, stack(0x000000001ab40000,0x000000001ac40000)]
  0x000000001991d800 JavaThread "AWT-Windows" daemon [_thread_in_native, id=21656, stack(0x000000001a150000,0x000000001a250000)]
  0x000000001991a000 JavaThread "AWT-Shutdown" [_thread_blocked, id=21628, stack(0x000000001a050000,0x000000001a150000)]
  0x0000000019919000 JavaThread "Java2D Disposer" daemon [_thread_blocked, id=21556, stack(0x00000000196f0000,0x00000000197f0000)]
  0x0000000018e03000 JavaThread "Service Thread" daemon [_thread_blocked, id=22220, stack(0x0000000019440000,0x0000000019540000)]
  0x0000000018de5800 JavaThread "C1 CompilerThread2" daemon [_thread_blocked, id=22232, stack(0x0000000019340000,0x0000000019440000)]
  0x0000000018cdf000 JavaThread "C2 CompilerThread1" daemon [_thread_blocked, id=22228, stack(0x0000000019240000,0x0000000019340000)]
  0x0000000018cde000 JavaThread "C2 CompilerThread0" daemon [_thread_blocked, id=22212, stack(0x0000000019140000,0x0000000019240000)]
  0x0000000018d7a800 JavaThread "Monitor Ctrl-Break" daemon [_thread_in_native, id=22216, stack(0x0000000019040000,0x0000000019140000)]
  0x0000000017739800 JavaThread "Attach Listener" daemon [_thread_blocked, id=22224, stack(0x0000000018b40000,0x0000000018c40000)]
  0x0000000017738800 JavaThread "Signal Dispatcher" daemon [_thread_blocked, id=22236, stack(0x0000000018a40000,0x0000000018b40000)]
  0x0000000002b86800 JavaThread "Finalizer" daemon [_thread_blocked, id=6872, stack(0x0000000018940000,0x0000000018a40000)]
  0x00000000176a9800 JavaThread "Reference Handler" daemon [_thread_blocked, id=15816, stack(0x0000000018840000,0x0000000018940000)]

Other Threads:
  0x00000000176a7800 VMThread [stack: 0x0000000018740000,0x0000000018840000] [id=22520]
  0x0000000018e17000 WatcherThread [stack: 0x0000000019540000,0x0000000019640000] [id=21576]

VM state:not at safepoint (normal execution)

VM Mutex/Monitor currently owned by a thread: None

Heap:
 PSYoungGen      total 38400K, used 23797K [0x00000000d5d80000, 0x00000000d8800000, 0x0000000100000000)
  eden space 33280K, 71% used [0x00000000d5d80000,0x00000000d74bd400,0x00000000d7e00000)
  from space 5120K, 0% used [0x00000000d8300000,0x00000000d8300000,0x00000000d8800000)
  to   space 5120K, 0% used [0x00000000d7e00000,0x00000000d7e00000,0x00000000d8300000)
 ParOldGen       total 87552K, used 0K [0x0000000081800000, 0x0000000086d80000, 0x00000000d5d80000)
  object space 87552K, 0% used [0x0000000081800000,0x0000000081800000,0x0000000086d80000)
 Metaspace       used 13929K, capacity 14274K, committed 14464K, reserved 1062912K
  class space    used 1794K, capacity 1910K, committed 1920K, reserved 1048576K

Card table byte_map: [0x0000000011f50000,0x0000000012350000] byte_map_base: 0x0000000011b44000

Marking Bits: (ParMarkBitMap*) 0x0000000054cb4040
 Begin Bits: [0x0000000012a00000, 0x00000000149a0000)
 End Bits:   [0x00000000149a0000, 0x0000000016940000)

Polling page: 0x00000000003e0000

CodeCache: size=245760Kb used=3826Kb max_used=3837Kb free=241933Kb
 bounds [0x0000000002b90000, 0x0000000002f60000, 0x0000000011b90000]
 total_blobs=1631 nmethods=1121 adapters=422
 compilation: enabled

Compilation events (10 events):
Event: 7.970 Thread 0x0000000018de5800 1116       3       java.lang.String::regionMatches (149 bytes)
Event: 7.971 Thread 0x0000000018de5800 nmethod 1116 0x0000000002f4b3d0 code [0x0000000002f4b620, 0x0000000002f4c2b8]
Event: 7.971 Thread 0x0000000018de5800 1117       3       java.lang.String::equalsIgnoreCase (48 bytes)
Event: 7.971 Thread 0x0000000018de5800 nmethod 1117 0x0000000002f48d10 code [0x0000000002f48e80, 0x0000000002f491e8]
Event: 7.972 Thread 0x0000000018de5800 1118   !   3       java.util.zip.Inflater::inflate (113 bytes)
Event: 7.972 Thread 0x0000000018cdf000 1120       4       java.lang.String::startsWith (7 bytes)
Event: 7.972 Thread 0x0000000018de5800 nmethod 1118 0x0000000002f4cc50 code [0x0000000002f4ce00, 0x0000000002f4d498]
Event: 7.974 Thread 0x0000000018de5800 1121       3       java.util.Vector::ensureCapacityHelper (16 bytes)
Event: 7.974 Thread 0x0000000018de5800 nmethod 1121 0x0000000002f4d810 code [0x0000000002f4d980, 0x0000000002f4db48]
Event: 7.975 Thread 0x0000000018cdf000 nmethod 1120 0x0000000002f50990 code [0x0000000002f50ae0, 0x0000000002f50c58]

GC Heap History (0 events):
No events

Deoptimization events (6 events):
Event: 0.510 Thread 0x0000000000b9e000 Uncommon trap: reason=null_check action=make_not_entrant pc=0x0000000002cb1fb0 method=java.lang.String.equals(Ljava/lang/Object;)Z @ 8
Event: 0.774 Thread 0x0000000000b9e000 Uncommon trap: reason=class_check action=maybe_recompile pc=0x0000000002d3b7b0 method=java.lang.String.equals(Ljava/lang/Object;)Z @ 8
Event: 0.774 Thread 0x0000000000b9e000 Uncommon trap: reason=class_check action=maybe_recompile pc=0x0000000002d3b7b0 method=java.lang.String.equals(Ljava/lang/Object;)Z @ 8
Event: 0.774 Thread 0x0000000000b9e000 Uncommon trap: reason=class_check action=maybe_recompile pc=0x0000000002d3b7b0 method=java.lang.String.equals(Ljava/lang/Object;)Z @ 8
Event: 0.774 Thread 0x0000000000b9e000 Uncommon trap: reason=class_check action=maybe_recompile pc=0x0000000002d3b7b0 method=java.lang.String.equals(Ljava/lang/Object;)Z @ 8
Event: 3.964 Thread 0x0000000019996000 Uncommon trap: reason=unstable_if action=reinterpret pc=0x0000000002df5af8 method=java.util.HashMap.getNode(ILjava/lang/Object;)Ljava/util/HashMap$Node; @ 53

Internal exceptions (10 events):
Event: 3.843 Thread 0x0000000019996000 Exception <a 'java/lang/ClassNotFoundException': java/lang/ObjectCustomizer> (0x00000000d70044e0) thrown at [C:\re\workspace\8-2-build-windows-amd64-cygwin\jdk8u45\3627\hotspot\src\share\vm\classfile\systemDictionary.cpp, line 210]
Event: 3.845 Thread 0x0000000019996000 Exception <a 'java/lang/ArrayIndexOutOfBoundsException': 18> (0x00000000d7013a88) thrown at [C:\re\workspace\8-2-build-windows-amd64-cygwin\jdk8u45\3627\hotspot\src\share\vm\interpreter\interpreterRuntime.cpp, line 366]
Event: 3.846 Thread 0x0000000019996000 Exception <a 'java/lang/ArrayIndexOutOfBoundsException': 22> (0x00000000d701b290) thrown at [C:\re\workspace\8-2-build-windows-amd64-cygwin\jdk8u45\3627\hotspot\src\share\vm\interpreter\interpreterRuntime.cpp, line 366]
Event: 3.847 Thread 0x0000000019996000 Exception <a 'java/lang/ArrayIndexOutOfBoundsException': 160> (0x00000000d7022368) thrown at [C:\re\workspace\8-2-build-windows-amd64-cygwin\jdk8u45\3627\hotspot\src\share\vm\interpreter\interpreterRuntime.cpp, line 366]
Event: 3.849 Thread 0x0000000019996000 Exception <a 'java/lang/ClassNotFoundException': net/miginfocom/layout/UnitValueCustomizer> (0x00000000d7038b38) thrown at [C:\re\workspace\8-2-build-windows-amd64-cygwin\jdk8u45\3627\hotspot\src\share\vm\classfile\systemDictionary.cpp, line 210]
Event: 3.852 Thread 0x0000000019996000 Exception <a 'java/lang/ClassNotFoundException': java/lang/ObjectCustomizer> (0x00000000d705d4f8) thrown at [C:\re\workspace\8-2-build-windows-amd64-cygwin\jdk8u45\3627\hotspot\src\share\vm\classfile\systemDictionary.cpp, line 210]
Event: 3.853 Thread 0x0000000019996000 Exception <a 'java/lang/ClassNotFoundException': net/miginfocom/layout/BoundSizeCustomizer> (0x00000000d7069448) thrown at [C:\re\workspace\8-2-build-windows-amd64-cygwin\jdk8u45\3627\hotspot\src\share\vm\classfile\systemDictionary.cpp, line 210]
Event: 3.891 Thread 0x0000000019c11000 Exception <a 'java/io/FileNotFoundException'> (0x00000000d7214218) thrown at [C:\re\workspace\8-2-build-windows-amd64-cygwin\jdk8u45\3627\hotspot\src\share\vm\prims\jni.cpp, line 709]
Event: 3.891 Thread 0x0000000019bcc800 Exception <a 'java/io/FileNotFoundException'> (0x00000000d6f4e610) thrown at [C:\re\workspace\8-2-build-windows-amd64-cygwin\jdk8u45\3627\hotspot\src\share\vm\prims\jni.cpp, line 709]
Event: 3.943 Thread 0x0000000019c11000 Exception <a 'java/io/FileNotFoundException'> (0x00000000d721b828) thrown at [C:\re\workspace\8-2-build-windows-amd64-cygwin\jdk8u45\3627\hotspot\src\share\vm\prims\jni.cpp, line 709]

Events (10 events):
Event: 7.971 loading class jpcap/packet/TCPPacket
Event: 7.971 loading class jpcap/packet/TCPPacket done
Event: 7.972 loading class jpcap/packet/UDPPacket
Event: 7.972 loading class jpcap/packet/UDPPacket done
Event: 7.972 loading class jpcap/packet/ICMPPacket
Event: 7.972 loading class jpcap/packet/ICMPPacket done
Event: 7.973 loading class jpcap/packet/IPv6Option
Event: 7.973 loading class jpcap/packet/IPv6Option done
Event: 7.973 loading class jpcap/packet/ARPPacket
Event: 7.973 loading class jpcap/packet/ARPPacket done


Dynamic libraries:
0x00007ff798940000 - 0x00007ff798977000 	C:\Java\jdk\bin\java.exe
0x00007ffd6a2a0000 - 0x00007ffd6a490000 	C:\WINDOWS\SYSTEM32\ntdll.dll
0x00007ffd68bc0000 - 0x00007ffd68c72000 	C:\WINDOWS\System32\KERNEL32.DLL
0x00007ffd67610000 - 0x00007ffd678b5000 	C:\WINDOWS\System32\KERNELBASE.dll
0x00007ffd69b00000 - 0x00007ffd69ba3000 	C:\WINDOWS\System32\ADVAPI32.dll
0x00007ffd68f00000 - 0x00007ffd68f9e000 	C:\WINDOWS\System32\msvcrt.dll
0x00007ffd68b20000 - 0x00007ffd68bb7000 	C:\WINDOWS\System32\sechost.dll
0x00007ffd6a140000 - 0x00007ffd6a25f000 	C:\WINDOWS\System32\RPCRT4.dll
0x00007ffd68c80000 - 0x00007ffd68e14000 	C:\WINDOWS\System32\USER32.dll
0x00007ffd67420000 - 0x00007ffd67441000 	C:\WINDOWS\System32\win32u.dll
0x00007ffd6a100000 - 0x00007ffd6a126000 	C:\WINDOWS\System32\GDI32.dll
0x00007ffd67450000 - 0x00007ffd675e8000 	C:\WINDOWS\System32\gdi32full.dll
0x00007ffd68250000 - 0x00007ffd682ee000 	C:\WINDOWS\System32\msvcp_win.dll
0x00007ffd68150000 - 0x00007ffd6824a000 	C:\WINDOWS\System32\ucrtbase.dll
0x00007ffd56d80000 - 0x00007ffd57004000 	C:\WINDOWS\WinSxS\amd64_microsoft.windows.common-controls_6595b64144ccf1df_6.0.18362.1379_none_9e7ff3b3e45cc0c4\COMCTL32.dll
0x00007ffd69dc0000 - 0x00007ffd6a0f7000 	C:\WINDOWS\System32\combase.dll
0x00007ffd680c0000 - 0x00007ffd68141000 	C:\WINDOWS\System32\bcryptPrimitives.dll
0x00007ffd68fa0000 - 0x00007ffd68fce000 	C:\WINDOWS\System32\IMM32.DLL
0x0000000055210000 - 0x000000005521c000 	C:\Program Files (x86)\360\360Safe292104765\360Safe\safemon\SafeWrapper.dll
0x00007ffd54620000 - 0x00007ffd546b2000 	C:\Program Files (x86)\360\360Safe292104765\360Safe\safemon\libzdtp64.dll
0x00007ffd69d60000 - 0x00007ffd69db2000 	C:\WINDOWS\System32\SHLWAPI.dll
0x00007ffd66f00000 - 0x00007ffd66f0a000 	C:\WINDOWS\SYSTEM32\VERSION.dll
0x0000000054d40000 - 0x0000000054e12000 	C:\Java\jdk\bin\msvcr100.dll
0x00000000544b0000 - 0x0000000054d33000 	C:\Java\jdk\bin\server\jvm.dll
0x00007ffd68a40000 - 0x00007ffd68a48000 	C:\WINDOWS\System32\PSAPI.DLL
0x00007ffd52ab0000 - 0x00007ffd52ab9000 	C:\WINDOWS\SYSTEM32\WSOCK32.dll
0x00007ffd65200000 - 0x00007ffd65224000 	C:\WINDOWS\SYSTEM32\WINMM.dll
0x00007ffd696c0000 - 0x00007ffd6972f000 	C:\WINDOWS\System32\WS2_32.dll
0x00007ffd650e0000 - 0x00007ffd6510d000 	C:\WINDOWS\SYSTEM32\winmmbase.dll
0x00007ffd678c0000 - 0x00007ffd6790a000 	C:\WINDOWS\System32\cfgmgr32.dll
0x00000000552a0000 - 0x00000000552af000 	C:\Java\jdk\bin\verify.dll
0x0000000055270000 - 0x0000000055299000 	C:\Java\jdk\bin\java.dll
0x0000000055220000 - 0x0000000055243000 	C:\Java\jdk\bin\instrument.dll
0x0000000055250000 - 0x0000000055266000 	C:\Java\jdk\bin\zip.dll
0x00007ffd68350000 - 0x00007ffd68a38000 	C:\WINDOWS\System32\SHELL32.dll
0x00007ffd69610000 - 0x00007ffd696b7000 	C:\WINDOWS\System32\shcore.dll
0x00007ffd67910000 - 0x00007ffd6808b000 	C:\WINDOWS\System32\windows.storage.dll
0x00007ffd671f0000 - 0x00007ffd67213000 	C:\WINDOWS\System32\profapi.dll
0x00007ffd671a0000 - 0x00007ffd671ea000 	C:\WINDOWS\System32\powrprof.dll
0x00007ffd67150000 - 0x00007ffd67160000 	C:\WINDOWS\System32\UMPDC.dll
0x00007ffd67160000 - 0x00007ffd67171000 	C:\WINDOWS\System32\kernel.appcore.dll
0x00007ffd675f0000 - 0x00007ffd67607000 	C:\WINDOWS\System32\cryptsp.dll
0x00007ffd614a0000 - 0x00007ffd614ba000 	C:\Java\idea\IntelliJ IDEA 2021.2.1\bin\breakgen64.dll
0x0000000054490000 - 0x00000000544aa000 	C:\Java\jdk\bin\net.dll
0x00007ffd668c0000 - 0x00007ffd66927000 	C:\WINDOWS\system32\mswsock.dll
0x00000000542d0000 - 0x0000000054468000 	C:\Java\jdk\bin\awt.dll
0x00007ffd68a50000 - 0x00007ffd68b15000 	C:\WINDOWS\System32\OLEAUT32.dll
0x00007ffd65050000 - 0x00007ffd650df000 	C:\WINDOWS\SYSTEM32\apphelp.dll
0x00007ffd656a0000 - 0x00007ffd656cd000 	C:\WINDOWS\system32\DWMAPI.DLL
0x00007ffd65280000 - 0x00007ffd65319000 	C:\WINDOWS\system32\uxtheme.dll
0x00007ffd69830000 - 0x00007ffd69965000 	C:\WINDOWS\System32\MSCTF.dll
0x00007ffd68fd0000 - 0x00007ffd69127000 	C:\WINDOWS\System32\ole32.dll
0x0000000054280000 - 0x00000000542c7000 	C:\Java\jdk\bin\fontmanager.dll
0x0000000054470000 - 0x0000000054481000 	C:\Java\jdk\bin\nio.dll
0x0000000054230000 - 0x0000000054271000 	C:\Java\jdk\bin\t2k.dll
0x00007ffd613f0000 - 0x00007ffd61429000 	C:\Java\jdk\bin\jpcap.dll
0x0000000180000000 - 0x0000000180065000 	C:\WINDOWS\SYSTEM32\wpcap.dll
0x00007ffd665d0000 - 0x00007ffd6660a000 	C:\WINDOWS\SYSTEM32\IPHLPAPI.DLL
0x00000000023d0000 - 0x00000000023ef000 	C:\WINDOWS\SYSTEM32\packet.dll
0x00007ffd69970000 - 0x00007ffd69978000 	C:\WINDOWS\System32\NSI.dll
0x00007ffd573a0000 - 0x00007ffd573b6000 	C:\WINDOWS\SYSTEM32\dhcpcsvc6.DLL
0x00007ffd57d60000 - 0x00007ffd57d7c000 	C:\WINDOWS\SYSTEM32\dhcpcsvc.DLL
0x00007ffd66610000 - 0x00007ffd666db000 	C:\WINDOWS\SYSTEM32\DNSAPI.dll
0x00007ffd5fe90000 - 0x00007ffd5ff2d000 	C:\WINDOWS\System32\TextInputFramework.dll
0x00007ffd62e80000 - 0x00007ffd631aa000 	C:\WINDOWS\System32\CoreUIComponents.dll
0x00007ffd64970000 - 0x00007ffd64a44000 	C:\WINDOWS\System32\CoreMessaging.dll
0x00007ffd62d20000 - 0x00007ffd62e72000 	C:\WINDOWS\SYSTEM32\wintypes.dll
0x00007ffd66150000 - 0x00007ffd66181000 	C:\WINDOWS\SYSTEM32\ntmarta.dll
0x00007ffd58680000 - 0x00007ffd58927000 	C:\WINDOWS\System32\iertutil.dll
0x00007ffd69a50000 - 0x00007ffd69af2000 	C:\WINDOWS\System32\clbcatq.dll
0x00007ffd62aa0000 - 0x00007ffd62c4f000 	C:\WINDOWS\SYSTEM32\WindowsCodecs.dll
0x00007ffd57570000 - 0x00007ffd575ab000 	C:\WINDOWS\system32\dataexchange.dll
0x00007ffd640d0000 - 0x00007ffd6432b000 	C:\WINDOWS\system32\d3d11.dll
0x00007ffd64790000 - 0x00007ffd6496d000 	C:\WINDOWS\system32\dcomp.dll
0x00007ffd65db0000 - 0x00007ffd65e9b000 	C:\WINDOWS\system32\dxgi.dll
0x00007ffd65d20000 - 0x00007ffd65d40000 	C:\WINDOWS\SYSTEM32\dxcore.dll
0x00007ffd65350000 - 0x00007ffd655aa000 	C:\WINDOWS\system32\twinapi.appcore.dll
0x00007ffd65860000 - 0x00007ffd65889000 	C:\WINDOWS\system32\RMCLIENT.dll
0x00007ffd5dc80000 - 0x00007ffd5de74000 	C:\WINDOWS\SYSTEM32\dbghelp.dll

VM Arguments:
jvm_args: -javaagent:C:\Java\idea\IntelliJ IDEA 2021.2.1\lib\idea_rt.jar=59175:C:\Java\idea\IntelliJ IDEA 2021.2.1\bin -Dfile.encoding=UTF-8 
java_command: ui.MainFrame
java_class_path (initial): C:\Java\jdk\jre\lib\charsets.jar;C:\Java\jdk\jre\lib\deploy.jar;C:\Java\jdk\jre\lib\ext\access-bridge-64.jar;C:\Java\jdk\jre\lib\ext\cldrdata.jar;C:\Java\jdk\jre\lib\ext\dnsns.jar;C:\Java\jdk\jre\lib\ext\jaccess.jar;C:\Java\jdk\jre\lib\ext\jfxrt.jar;C:\Java\jdk\jre\lib\ext\localedata.jar;C:\Java\jdk\jre\lib\ext\nashorn.jar;C:\Java\jdk\jre\lib\ext\sunec.jar;C:\Java\jdk\jre\lib\ext\sunjce_provider.jar;C:\Java\jdk\jre\lib\ext\sunmscapi.jar;C:\Java\jdk\jre\lib\ext\sunpkcs11.jar;C:\Java\jdk\jre\lib\ext\zipfs.jar;C:\Java\jdk\jre\lib\javaws.jar;C:\Java\jdk\jre\lib\jce.jar;C:\Java\jdk\jre\lib\jfr.jar;C:\Java\jdk\jre\lib\jfxswt.jar;C:\Java\jdk\jre\lib\jsse.jar;C:\Java\jdk\jre\lib\management-agent.jar;C:\Java\jdk\jre\lib\plugin.jar;C:\Java\jdk\jre\lib\resources.jar;C:\Java\jdk\jre\lib\rt.jar;C:\Users\Asus\Desktop\hzb\projects\out\production\vivdCapture;C:\Users\Asus\Desktop\hzb\projects\lib\jpcap.jar;C:\Users\Asus\Desktop\hzb\projects\lib\miglayout-swing.jar;C:\Users\Asus\Desktop\hzb\projects\lib\miglayout-core.jar;C:\Users\Asus\Desktop\hzb\projects\lib\swingx-all-1.6.4.jar;C:\Java\idea\IntelliJ IDEA 2021.2.1\lib\idea_rt.jar
Launcher Type: SUN_STANDARD

Environment Variables:
CLASSPATH=C:\Java\jdk\jre\lib\rt.jar;. ;
PATH=C:\Java\jdk\bin;C:\Program Files\Git\cmd;C:\Program Files\Microsoft VS Code\bin;C:\Users\Asus\AppData\Local\Microsoft\WindowsApps;;C:\Java\idea\IntelliJ IDEA 2020.3.1\bin;
USERNAME=Asus
OS=Windows_NT
PROCESSOR_IDENTIFIER=Intel64 Family 6 Model 78 Stepping 3, GenuineIntel



---------------  S Y S T E M  ---------------

OS: Windows 10.0 , 64 bit Build 18362 (10.0.18362.1350)

CPU:total 4 (2 cores per cpu, 2 threads per core) family 6 model 78 stepping 3, cmov, cx8, fxsr, mmx, sse, sse2, sse3, ssse3, sse4.1, sse4.2, popcnt, avx, avx2, aes, clmul, erms, 3dnowpref, lzcnt, ht, tsc, tscinvbit, bmi1, bmi2, adx

Memory: 4k page, physical 8285248k(3164504k free), swap 9595968k(4037412k free)

vm_info: Java HotSpot(TM) 64-Bit Server VM (25.45-b02) for windows-amd64 JRE (1.8.0_45-b15), built on Apr 30 2015 12:40:44 by "java_re" with MS VC++ 10.0 (VS2010)

time: Tue Mar 08 21:48:09 2022
elapsed time: 8 seconds (0d 0h 0m 8s)

