#
# A fatal error has been detected by the Java Runtime Environment:
#
#  EXCEPTION_ACCESS_VIOLATION (0xc0000005) at pc=0x00000000545f3142, pid=9048, tid=22420
#
# JRE version: Java(TM) SE Runtime Environment (8.0_45-b15) (build 1.8.0_45-b15)
# Java VM: Java HotSpot(TM) 64-Bit Server VM (25.45-b02 mixed mode windows-amd64 compressed oops)
# Problematic frame:
# V  [jvm.dll+0x143142]
#
# Failed to write core dump. Minidumps are not enabled by default on client versions of Windows
#
# If you would like to submit a bug report, please visit:
#   http://bugreport.java.com/bugreport/crash.jsp
#

---------------  T H R E A D  ---------------

Current thread (0x000000001958e000):  JavaThread "AWT-EventQueue-0" [_thread_in_vm, id=22420, stack(0x000000001a820000,0x000000001a920000)]

siginfo: ExceptionCode=0xc0000005, reading address 0x0000000000000000

Registers:
RAX=0x0000000000000000, RBX=0x000000001958e000, RCX=0x0000000000000e00, RDX=0x0000000000000000
RSP=0x000000001a91c0a0, RBP=0x0000000000000000, RSI=0x0000000000000000, RDI=0x0000000000000000
R8 =0x0000000000000000, R9 =0x0000000000000001, R10=0x0000000002855e08, R11=0x00000000546d7ca0
R12=0x0000000000000000, R13=0x00000000171ead30, R14=0x000000001958e1f8, R15=0x000000001958e000
RIP=0x00000000545f3142, EFLAGS=0x0000000000010202

Top of Stack: (sp=0x000000001a91c0a0)
0x000000001a91c0a0:   0000000018bc2260 00007ffd6a2e06e1
0x000000001a91c0b0:   0000001100000547 0000000000510000
0x000000001a91c0c0:   000000001958e000 0000000000000000
0x000000001a91c0d0:   0000000000000000 00007ffd61480000
0x000000001a91c0e0:   000000001958e1f8 0000000054da8d94
0x000000001a91c0f0:   0000000018bc2260 000000001a91c1a8
0x000000001a91c100:   0000000000000000 00000000545a6041
0x000000001a91c110:   0000000000000001 00007ffd61481ffe
0x000000001a91c120:   0000000000000000 000000001a91ca60
0x000000001a91c130:   0000000000210020 00000000171ead38
0x000000001a91c140:   00007ffd61481fc0 000000005527264f
0x000000001a91c150:   00007ffd61480000 00007ffd61481fc0
0x000000001a91c160:   0000000018bc2260 000000001a91c1a8
0x000000001a91c170:   00000000d5e13ef0 00000000029f8c89
0x000000001a91c180:   0000000016b651f8 000000001a91c1e0
0x000000001a91c190:   0000000000000000 000000005456bb37 

Instructions: (pc=0x00000000545f3142)
0x00000000545f3122:   89 5c 24 20 48 89 74 24 28 48 39 73 08 74 0a 48
0x00000000545f3132:   8d 4c 24 20 e8 05 47 13 00 40 38 35 9e 6b 6b 00
0x00000000545f3142:   48 8b 3f 48 63 05 c0 e5 69 00 74 1b 8b 0c 38 85
0x00000000545f3152:   c9 74 7c 8b c1 8b 0d 3b d6 64 00 48 d3 e0 48 03 


Register to memory mapping:

RAX=0x0000000000000000 is an unknown value
RBX=0x000000001958e000 is a thread
RCX=0x0000000000000e00 is an unknown value
RDX=0x0000000000000000 is an unknown value
RSP=0x000000001a91c0a0 is pointing into the stack for thread: 0x000000001958e000
RBP=0x0000000000000000 is an unknown value
RSI=0x0000000000000000 is an unknown value
RDI=0x0000000000000000 is an unknown value
R8 =0x0000000000000000 is an unknown value
R9 =0x0000000000000001 is an unknown value
R10=0x0000000002855e08 is at code_begin+840 in an Interpreter codelet
method entry point (kind = native)  [0x0000000002855ac0, 0x0000000002856420]  2400 bytes
R11=0x00000000546d7ca0 is an unknown value
R12=0x0000000000000000 is an unknown value
R13=0x00000000171ead30 is pointing into metadata
R14=0x000000001958e1f8 is an unknown value
R15=0x000000001958e000 is a thread


Stack: [0x000000001a820000,0x000000001a920000],  sp=0x000000001a91c0a0,  free space=1008k
Native frames: (J=compiled Java code, j=interpreted, Vv=VM code, C=native code)

Java frames: (J=compiled Java code, j=interpreted, Vv=VM code)
j  jpcap.JpcapCaptor.setFilter(Ljava/lang/String;Z)V+0
j  common.NetworkCapture.<init>(Ljpcap/NetworkInterface;Lui/CapturePanel;)V+73
j  ui.CapturePanel.startBtnMouseClicked(Ljava/awt/event/MouseEvent;)V+10
j  ui.CapturePanel.access$000(Lui/CapturePanel;Ljava/awt/event/MouseEvent;)V+2
j  ui.CapturePanel$2.mouseClicked(Ljava/awt/event/MouseEvent;)V+5
j  java.awt.AWTEventMulticaster.mouseClicked(Ljava/awt/event/MouseEvent;)V+21
j  java.awt.AWTEventMulticaster.mouseClicked(Ljava/awt/event/MouseEvent;)V+8
j  java.awt.Component.processMouseEvent(Ljava/awt/event/MouseEvent;)V+74
j  javax.swing.JComponent.processMouseEvent(Ljava/awt/event/MouseEvent;)V+23
j  java.awt.Component.processEvent(Ljava/awt/AWTEvent;)V+81
j  java.awt.Container.processEvent(Ljava/awt/AWTEvent;)V+18
J 954 C1 java.awt.Component.dispatchEventImpl(Ljava/awt/AWTEvent;)V (883 bytes) @ 0x0000000002b82524 [0x0000000002b7d040+0x54e4]
J 650 C1 java.awt.Container.dispatchEventImpl(Ljava/awt/AWTEvent;)V (129 bytes) @ 0x0000000002aac184 [0x0000000002aac040+0x144]
J 649 C1 java.awt.Component.dispatchEvent(Ljava/awt/AWTEvent;)V (6 bytes) @ 0x0000000002aabcc4 [0x0000000002aabbc0+0x104]
j  java.awt.LightweightDispatcher.retargetMouseEvent(Ljava/awt/Component;ILjava/awt/event/MouseEvent;)V+327
J 980 C1 java.awt.LightweightDispatcher.processMouseEvent(Ljava/awt/event/MouseEvent;)Z (301 bytes) @ 0x0000000002ba06a4 [0x0000000002b9f2a0+0x1404]
j  java.awt.LightweightDispatcher.dispatchEvent(Ljava/awt/AWTEvent;)Z+50
J 650 C1 java.awt.Container.dispatchEventImpl(Ljava/awt/AWTEvent;)V (129 bytes) @ 0x0000000002aac124 [0x0000000002aac040+0xe4]
J 970 C1 java.awt.Window.dispatchEventImpl(Ljava/awt/AWTEvent;)V (23 bytes) @ 0x0000000002b99824 [0x0000000002b99240+0x5e4]
J 664 C1 java.awt.EventQueue.dispatchEventImpl(Ljava/awt/AWTEvent;Ljava/lang/Object;)V (149 bytes) @ 0x0000000002ab9bbc [0x0000000002ab8380+0x183c]
J 662 C1 java.awt.EventQueue$3.run()Ljava/lang/Void; (60 bytes) @ 0x0000000002ab778c [0x0000000002ab7580+0x20c]
J 661 C1 java.awt.EventQueue$3.run()Ljava/lang/Object; (5 bytes) @ 0x0000000002ab720c [0x0000000002ab7180+0x8c]
v  ~StubRoutines::call_stub
J 590  java.security.AccessController.doPrivileged(Ljava/security/PrivilegedAction;Ljava/security/AccessControlContext;)Ljava/lang/Object; (0 bytes) @ 0x0000000002a8a5e6 [0x0000000002a8a580+0x66]
J 597 C1 java.security.ProtectionDomain$1.doIntersectionPrivilege(Ljava/security/PrivilegedAction;Ljava/security/AccessControlContext;Ljava/security/AccessControlContext;)Ljava/lang/Object; (32 bytes) @ 0x0000000002a8bfbc [0x0000000002a8bcc0+0x2fc]
J 952 C1 java.awt.EventQueue$4.run()Ljava/lang/Object; (5 bytes) @ 0x0000000002b7980c [0x0000000002b79420+0x3ec]
v  ~StubRoutines::call_stub
J 590  java.security.AccessController.doPrivileged(Ljava/security/PrivilegedAction;Ljava/security/AccessControlContext;)Ljava/lang/Object; (0 bytes) @ 0x0000000002a8a5e6 [0x0000000002a8a580+0x66]
J 618 C1 java.awt.EventQueue.dispatchEvent(Ljava/awt/AWTEvent;)V (80 bytes) @ 0x0000000002a96b34 [0x0000000002a95e80+0xcb4]
J 665 C1 java.awt.EventDispatchThread.pumpOneEventForFilters(I)V (295 bytes) @ 0x0000000002abcb24 [0x0000000002abafc0+0x1b64]
j  java.awt.EventDispatchThread.pumpEventsForFilter(ILjava/awt/Conditional;Ljava/awt/EventFilter;)V+35
j  java.awt.EventDispatchThread.pumpEventsForHierarchy(ILjava/awt/Conditional;Ljava/awt/Component;)V+11
j  java.awt.EventDispatchThread.pumpEvents(ILjava/awt/Conditional;)V+4
j  java.awt.EventDispatchThread.pumpEvents(Ljava/awt/Conditional;)V+3
j  java.awt.EventDispatchThread.run()V+9
v  ~StubRoutines::call_stub

---------------  P R O C E S S  ---------------

Java Threads: ( => current thread )
  0x00000000197e1800 JavaThread "Image Fetcher 1" daemon [_thread_blocked, id=17764, stack(0x000000001bb20000,0x000000001bc20000)]
  0x00000000197ed000 JavaThread "Image Fetcher 0" daemon [_thread_blocked, id=11256, stack(0x000000001ba20000,0x000000001bb20000)]
  0x0000000019760000 JavaThread "TimerQueue" daemon [_thread_blocked, id=22196, stack(0x000000001b720000,0x000000001b820000)]
  0x000000000051e000 JavaThread "DestroyJavaVM" [_thread_blocked, id=22452, stack(0x0000000002150000,0x0000000002250000)]
=>0x000000001958e000 JavaThread "AWT-EventQueue-0" [_thread_in_vm, id=22420, stack(0x000000001a820000,0x000000001a920000)]
  0x000000001956b000 JavaThread "AWT-Windows" daemon [_thread_in_native, id=20444, stack(0x0000000019e30000,0x0000000019f30000)]
  0x0000000019567000 JavaThread "AWT-Shutdown" [_thread_blocked, id=16144, stack(0x0000000019d30000,0x0000000019e30000)]
  0x0000000019564800 JavaThread "Java2D Disposer" daemon [_thread_blocked, id=17492, stack(0x0000000019c30000,0x0000000019d30000)]
  0x0000000018abb000 JavaThread "Service Thread" daemon [_thread_blocked, id=21892, stack(0x00000000190f0000,0x00000000191f0000)]
  0x0000000018a32000 JavaThread "C1 CompilerThread2" daemon [_thread_blocked, id=22480, stack(0x0000000018ff0000,0x00000000190f0000)]
  0x0000000018a2d000 JavaThread "C2 CompilerThread1" daemon [_thread_blocked, id=22408, stack(0x0000000018ef0000,0x0000000018ff0000)]
  0x0000000018a2b000 JavaThread "C2 CompilerThread0" daemon [_thread_blocked, id=15584, stack(0x0000000018df0000,0x0000000018ef0000)]
  0x00000000189a9000 JavaThread "Monitor Ctrl-Break" daemon [_thread_in_native, id=10068, stack(0x0000000018cf0000,0x0000000018df0000)]
  0x00000000173e9800 JavaThread "Attach Listener" daemon [_thread_blocked, id=20020, stack(0x00000000187f0000,0x00000000188f0000)]
  0x00000000173e8800 JavaThread "Signal Dispatcher" daemon [_thread_blocked, id=19056, stack(0x00000000186f0000,0x00000000187f0000)]
  0x0000000002836800 JavaThread "Finalizer" daemon [_thread_blocked, id=22068, stack(0x00000000185f0000,0x00000000186f0000)]
  0x0000000017359800 JavaThread "Reference Handler" daemon [_thread_blocked, id=13796, stack(0x00000000184f0000,0x00000000185f0000)]

Other Threads:
  0x0000000017357800 VMThread [stack: 0x00000000183f0000,0x00000000184f0000] [id=21852]
  0x0000000018ae6800 WatcherThread [stack: 0x00000000191f0000,0x00000000192f0000] [id=11220]

VM state:not at safepoint (normal execution)

VM Mutex/Monitor currently owned by a thread: None

Heap:
 PSYoungGen      total 38400K, used 23894K [0x00000000d5d80000, 0x00000000d8800000, 0x0000000100000000)
  eden space 33280K, 71% used [0x00000000d5d80000,0x00000000d74d5880,0x00000000d7e00000)
  from space 5120K, 0% used [0x00000000d8300000,0x00000000d8300000,0x00000000d8800000)
  to   space 5120K, 0% used [0x00000000d7e00000,0x00000000d7e00000,0x00000000d8300000)
 ParOldGen       total 87552K, used 0K [0x0000000081800000, 0x0000000086d80000, 0x00000000d5d80000)
  object space 87552K, 0% used [0x0000000081800000,0x0000000081800000,0x0000000086d80000)
 Metaspace       used 13793K, capacity 14146K, committed 14464K, reserved 1062912K
  class space    used 1784K, capacity 1910K, committed 1920K, reserved 1048576K

Card table byte_map: [0x0000000011c00000,0x0000000012000000] byte_map_base: 0x00000000117f4000

Marking Bits: (ParMarkBitMap*) 0x0000000054cb4040
 Begin Bits: [0x00000000126b0000, 0x0000000014650000)
 End Bits:   [0x0000000014650000, 0x00000000165f0000)

Polling page: 0x0000000002250000

CodeCache: size=245760Kb used=3489Kb max_used=3500Kb free=242270Kb
 bounds [0x0000000002840000, 0x0000000002bb0000, 0x0000000011840000]
 total_blobs=1507 nmethods=997 adapters=422
 compilation: enabled

Compilation events (10 events):
Event: 5.784 Thread 0x0000000018a32000  992       3       java.lang.String::regionMatches (149 bytes)
Event: 5.784 Thread 0x0000000018a32000 nmethod 992 0x0000000002ba5610 code [0x0000000002ba5860, 0x0000000002ba64f8]
Event: 5.784 Thread 0x0000000018a32000  993       3       java.lang.String::equalsIgnoreCase (48 bytes)
Event: 5.785 Thread 0x0000000018a32000 nmethod 993 0x0000000002ba6e90 code [0x0000000002ba7000, 0x0000000002ba7368]
Event: 5.785 Thread 0x0000000018a32000  994   !   3       java.util.zip.Inflater::inflate (113 bytes)
Event: 5.786 Thread 0x0000000018a2d000  996       4       java.lang.String::startsWith (7 bytes)
Event: 5.786 Thread 0x0000000018a32000 nmethod 994 0x0000000002ba8310 code [0x0000000002ba84c0, 0x0000000002ba8b58]
Event: 5.787 Thread 0x0000000018a32000  997       3       java.util.Vector::ensureCapacityHelper (16 bytes)
Event: 5.787 Thread 0x0000000018a32000 nmethod 997 0x0000000002ba8ed0 code [0x0000000002ba9040, 0x0000000002ba9208]
Event: 5.788 Thread 0x0000000018a2d000 nmethod 996 0x0000000002bac290 code [0x0000000002bac3e0, 0x0000000002bac558]

GC Heap History (0 events):
No events

Deoptimization events (6 events):
Event: 0.409 Thread 0x000000000051e000 Uncommon trap: reason=null_check action=make_not_entrant pc=0x0000000002963a30 method=java.lang.String.equals(Ljava/lang/Object;)Z @ 8
Event: 0.554 Thread 0x000000000051e000 Uncommon trap: reason=class_check action=maybe_recompile pc=0x00000000029df270 method=java.lang.String.equals(Ljava/lang/Object;)Z @ 8
Event: 0.554 Thread 0x000000000051e000 Uncommon trap: reason=class_check action=maybe_recompile pc=0x00000000029df270 method=java.lang.String.equals(Ljava/lang/Object;)Z @ 8
Event: 0.554 Thread 0x000000000051e000 Uncommon trap: reason=class_check action=maybe_recompile pc=0x00000000029df270 method=java.lang.String.equals(Ljava/lang/Object;)Z @ 8
Event: 0.554 Thread 0x000000000051e000 Uncommon trap: reason=class_check action=maybe_recompile pc=0x00000000029df270 method=java.lang.String.equals(Ljava/lang/Object;)Z @ 8
Event: 4.818 Thread 0x000000001958e000 Uncommon trap: reason=unstable_if action=reinterpret pc=0x0000000002ab004c method=java.util.HashMap.getNode(ILjava/lang/Object;)Ljava/util/HashMap$Node; @ 53

Internal exceptions (10 events):
Event: 4.693 Thread 0x000000001958e000 Exception <a 'java/lang/ClassNotFoundException': java/lang/ObjectCustomizer> (0x00000000d70c17b0) thrown at [C:\re\workspace\8-2-build-windows-amd64-cygwin\jdk8u45\3627\hotspot\src\share\vm\classfile\systemDictionary.cpp, line 210]
Event: 4.695 Thread 0x000000001958e000 Exception <a 'java/lang/ArrayIndexOutOfBoundsException': 18> (0x00000000d70d0d78) thrown at [C:\re\workspace\8-2-build-windows-amd64-cygwin\jdk8u45\3627\hotspot\src\share\vm\interpreter\interpreterRuntime.cpp, line 366]
Event: 4.696 Thread 0x000000001958e000 Exception <a 'java/lang/ArrayIndexOutOfBoundsException': 22> (0x00000000d70d8580) thrown at [C:\re\workspace\8-2-build-windows-amd64-cygwin\jdk8u45\3627\hotspot\src\share\vm\interpreter\interpreterRuntime.cpp, line 366]
Event: 4.697 Thread 0x000000001958e000 Exception <a 'java/lang/ArrayIndexOutOfBoundsException': 160> (0x00000000d70df3f8) thrown at [C:\re\workspace\8-2-build-windows-amd64-cygwin\jdk8u45\3627\hotspot\src\share\vm\interpreter\interpreterRuntime.cpp, line 366]
Event: 4.699 Thread 0x000000001958e000 Exception <a 'java/lang/ClassNotFoundException': net/miginfocom/layout/UnitValueCustomizer> (0x00000000d70f5bc8) thrown at [C:\re\workspace\8-2-build-windows-amd64-cygwin\jdk8u45\3627\hotspot\src\share\vm\classfile\systemDictionary.cpp, line 210]
Event: 4.702 Thread 0x000000001958e000 Exception <a 'java/lang/ClassNotFoundException': java/lang/ObjectCustomizer> (0x00000000d711a588) thrown at [C:\re\workspace\8-2-build-windows-amd64-cygwin\jdk8u45\3627\hotspot\src\share\vm\classfile\systemDictionary.cpp, line 210]
Event: 4.703 Thread 0x000000001958e000 Exception <a 'java/lang/ClassNotFoundException': net/miginfocom/layout/BoundSizeCustomizer> (0x00000000d71264d8) thrown at [C:\re\workspace\8-2-build-windows-amd64-cygwin\jdk8u45\3627\hotspot\src\share\vm\classfile\systemDictionary.cpp, line 210]
Event: 4.742 Thread 0x00000000197e1800 Exception <a 'java/io/FileNotFoundException'> (0x00000000d721d690) thrown at [C:\re\workspace\8-2-build-windows-amd64-cygwin\jdk8u45\3627\hotspot\src\share\vm\prims\jni.cpp, line 709]
Event: 4.743 Thread 0x00000000197ed000 Exception <a 'java/io/FileNotFoundException'> (0x00000000d6fff498) thrown at [C:\re\workspace\8-2-build-windows-amd64-cygwin\jdk8u45\3627\hotspot\src\share\vm\prims\jni.cpp, line 709]
Event: 4.796 Thread 0x00000000197e1800 Exception <a 'java/io/FileNotFoundException'> (0x00000000d7224ca0) thrown at [C:\re\workspace\8-2-build-windows-amd64-cygwin\jdk8u45\3627\hotspot\src\share\vm\prims\jni.cpp, line 709]

Events (10 events):
Event: 5.785 loading class jpcap/packet/TCPPacket
Event: 5.785 loading class jpcap/packet/TCPPacket done
Event: 5.786 loading class jpcap/packet/UDPPacket
Event: 5.786 loading class jpcap/packet/UDPPacket done
Event: 5.786 loading class jpcap/packet/ICMPPacket
Event: 5.786 loading class jpcap/packet/ICMPPacket done
Event: 5.786 loading class jpcap/packet/IPv6Option
Event: 5.786 loading class jpcap/packet/IPv6Option done
Event: 5.787 loading class jpcap/packet/ARPPacket
Event: 5.787 loading class jpcap/packet/ARPPacket done


Dynamic libraries:
0x00007ff798940000 - 0x00007ff798977000 	C:\Java\jdk\bin\java.exe
0x00007ffd6a2a0000 - 0x00007ffd6a490000 	C:\WINDOWS\SYSTEM32\ntdll.dll
0x00007ffd68bc0000 - 0x00007ffd68c72000 	C:\WINDOWS\System32\KERNEL32.DLL
0x00007ffd67610000 - 0x00007ffd678b5000 	C:\WINDOWS\System32\KERNELBASE.dll
0x00007ffd69b00000 - 0x00007ffd69ba3000 	C:\WINDOWS\System32\ADVAPI32.dll
0x00007ffd68f00000 - 0x00007ffd68f9e000 	C:\WINDOWS\System32\msvcrt.dll
0x00007ffd68b20000 - 0x00007ffd68bb7000 	C:\WINDOWS\System32\sechost.dll
0x00007ffd6a140000 - 0x00007ffd6a25f000 	C:\WINDOWS\System32\RPCRT4.dll
0x00007ffd68c80000 - 0x00007ffd68e14000 	C:\WINDOWS\System32\USER32.dll
0x00007ffd67420000 - 0x00007ffd67441000 	C:\WINDOWS\System32\win32u.dll
0x00007ffd6a100000 - 0x00007ffd6a126000 	C:\WINDOWS\System32\GDI32.dll
0x00007ffd67450000 - 0x00007ffd675e8000 	C:\WINDOWS\System32\gdi32full.dll
0x00007ffd68250000 - 0x00007ffd682ee000 	C:\WINDOWS\System32\msvcp_win.dll
0x00007ffd68150000 - 0x00007ffd6824a000 	C:\WINDOWS\System32\ucrtbase.dll
0x00007ffd56d80000 - 0x00007ffd57004000 	C:\WINDOWS\WinSxS\amd64_microsoft.windows.common-controls_6595b64144ccf1df_6.0.18362.1379_none_9e7ff3b3e45cc0c4\COMCTL32.dll
0x00007ffd69dc0000 - 0x00007ffd6a0f7000 	C:\WINDOWS\System32\combase.dll
0x00007ffd680c0000 - 0x00007ffd68141000 	C:\WINDOWS\System32\bcryptPrimitives.dll
0x00007ffd68fa0000 - 0x00007ffd68fce000 	C:\WINDOWS\System32\IMM32.DLL
0x0000000055210000 - 0x000000005521c000 	C:\Program Files (x86)\360\360Safe292104765\360Safe\safemon\SafeWrapper.dll
0x00007ffd54620000 - 0x00007ffd546b2000 	C:\Program Files (x86)\360\360Safe292104765\360Safe\safemon\libzdtp64.dll
0x00007ffd69d60000 - 0x00007ffd69db2000 	C:\WINDOWS\System32\SHLWAPI.dll
0x00007ffd66f00000 - 0x00007ffd66f0a000 	C:\WINDOWS\SYSTEM32\VERSION.dll
0x0000000054d40000 - 0x0000000054e12000 	C:\Java\jdk\bin\msvcr100.dll
0x00000000544b0000 - 0x0000000054d33000 	C:\Java\jdk\bin\server\jvm.dll
0x00007ffd68a40000 - 0x00007ffd68a48000 	C:\WINDOWS\System32\PSAPI.DLL
0x00007ffd52ab0000 - 0x00007ffd52ab9000 	C:\WINDOWS\SYSTEM32\WSOCK32.dll
0x00007ffd696c0000 - 0x00007ffd6972f000 	C:\WINDOWS\System32\WS2_32.dll
0x00007ffd65200000 - 0x00007ffd65224000 	C:\WINDOWS\SYSTEM32\WINMM.dll
0x00007ffd650e0000 - 0x00007ffd6510d000 	C:\WINDOWS\SYSTEM32\winmmbase.dll
0x00007ffd678c0000 - 0x00007ffd6790a000 	C:\WINDOWS\System32\cfgmgr32.dll
0x00000000552a0000 - 0x00000000552af000 	C:\Java\jdk\bin\verify.dll
0x0000000055270000 - 0x0000000055299000 	C:\Java\jdk\bin\java.dll
0x0000000055220000 - 0x0000000055243000 	C:\Java\jdk\bin\instrument.dll
0x0000000055250000 - 0x0000000055266000 	C:\Java\jdk\bin\zip.dll
0x00007ffd68350000 - 0x00007ffd68a38000 	C:\WINDOWS\System32\SHELL32.dll
0x00007ffd69610000 - 0x00007ffd696b7000 	C:\WINDOWS\System32\shcore.dll
0x00007ffd67910000 - 0x00007ffd6808b000 	C:\WINDOWS\System32\windows.storage.dll
0x00007ffd671f0000 - 0x00007ffd67213000 	C:\WINDOWS\System32\profapi.dll
0x00007ffd671a0000 - 0x00007ffd671ea000 	C:\WINDOWS\System32\powrprof.dll
0x00007ffd67150000 - 0x00007ffd67160000 	C:\WINDOWS\System32\UMPDC.dll
0x00007ffd67160000 - 0x00007ffd67171000 	C:\WINDOWS\System32\kernel.appcore.dll
0x00007ffd675f0000 - 0x00007ffd67607000 	C:\WINDOWS\System32\cryptsp.dll
0x00007ffd614c0000 - 0x00007ffd614da000 	C:\Java\idea\IntelliJ IDEA 2021.2.1\bin\breakgen64.dll
0x0000000054490000 - 0x00000000544aa000 	C:\Java\jdk\bin\net.dll
0x00007ffd668c0000 - 0x00007ffd66927000 	C:\WINDOWS\system32\mswsock.dll
0x00000000542d0000 - 0x0000000054468000 	C:\Java\jdk\bin\awt.dll
0x00007ffd68a50000 - 0x00007ffd68b15000 	C:\WINDOWS\System32\OLEAUT32.dll
0x00007ffd65050000 - 0x00007ffd650df000 	C:\WINDOWS\SYSTEM32\apphelp.dll
0x00007ffd656a0000 - 0x00007ffd656cd000 	C:\WINDOWS\system32\DWMAPI.DLL
0x00007ffd65280000 - 0x00007ffd65319000 	C:\WINDOWS\system32\uxtheme.dll
0x00007ffd69830000 - 0x00007ffd69965000 	C:\WINDOWS\System32\MSCTF.dll
0x00007ffd68fd0000 - 0x00007ffd69127000 	C:\WINDOWS\System32\ole32.dll
0x0000000054280000 - 0x00000000542c7000 	C:\Java\jdk\bin\fontmanager.dll
0x0000000054470000 - 0x0000000054481000 	C:\Java\jdk\bin\nio.dll
0x0000000054230000 - 0x0000000054271000 	C:\Java\jdk\bin\t2k.dll
0x00007ffd61480000 - 0x00007ffd614b9000 	C:\Java\jdk\bin\jpcap.dll
0x0000000180000000 - 0x0000000180065000 	C:\WINDOWS\SYSTEM32\wpcap.dll
0x00007ffd665d0000 - 0x00007ffd6660a000 	C:\WINDOWS\SYSTEM32\IPHLPAPI.DLL
0x0000000019400000 - 0x000000001941f000 	C:\WINDOWS\SYSTEM32\packet.dll
0x00007ffd69970000 - 0x00007ffd69978000 	C:\WINDOWS\System32\NSI.dll
0x00007ffd573a0000 - 0x00007ffd573b6000 	C:\WINDOWS\SYSTEM32\dhcpcsvc6.DLL
0x00007ffd57d60000 - 0x00007ffd57d7c000 	C:\WINDOWS\SYSTEM32\dhcpcsvc.DLL
0x00007ffd66610000 - 0x00007ffd666db000 	C:\WINDOWS\SYSTEM32\DNSAPI.dll
0x00007ffd5fe90000 - 0x00007ffd5ff2d000 	C:\WINDOWS\System32\TextInputFramework.dll
0x00007ffd64970000 - 0x00007ffd64a44000 	C:\WINDOWS\System32\CoreMessaging.dll
0x00007ffd62e80000 - 0x00007ffd631aa000 	C:\WINDOWS\System32\CoreUIComponents.dll
0x00007ffd66150000 - 0x00007ffd66181000 	C:\WINDOWS\SYSTEM32\ntmarta.dll
0x00007ffd62d20000 - 0x00007ffd62e72000 	C:\WINDOWS\SYSTEM32\wintypes.dll
0x00007ffd58680000 - 0x00007ffd58927000 	C:\WINDOWS\System32\iertutil.dll
0x00007ffd69a50000 - 0x00007ffd69af2000 	C:\WINDOWS\System32\clbcatq.dll
0x00007ffd62aa0000 - 0x00007ffd62c4f000 	C:\WINDOWS\SYSTEM32\WindowsCodecs.dll
0x00007ffd57570000 - 0x00007ffd575ab000 	C:\WINDOWS\system32\dataexchange.dll
0x00007ffd640d0000 - 0x00007ffd6432b000 	C:\WINDOWS\system32\d3d11.dll
0x00007ffd64790000 - 0x00007ffd6496d000 	C:\WINDOWS\system32\dcomp.dll
0x00007ffd65db0000 - 0x00007ffd65e9b000 	C:\WINDOWS\system32\dxgi.dll
0x00007ffd65d20000 - 0x00007ffd65d40000 	C:\WINDOWS\SYSTEM32\dxcore.dll
0x00007ffd65350000 - 0x00007ffd655aa000 	C:\WINDOWS\system32\twinapi.appcore.dll
0x00007ffd65860000 - 0x00007ffd65889000 	C:\WINDOWS\system32\RMCLIENT.dll
0x00007ffd5dc80000 - 0x00007ffd5de74000 	C:\WINDOWS\SYSTEM32\dbghelp.dll

VM Arguments:
jvm_args: -javaagent:C:\Java\idea\IntelliJ IDEA 2021.2.1\lib\idea_rt.jar=59222:C:\Java\idea\IntelliJ IDEA 2021.2.1\bin -Dfile.encoding=UTF-8 
java_command: ui.MainFrame
java_class_path (initial): C:\Java\jdk\jre\lib\charsets.jar;C:\Java\jdk\jre\lib\deploy.jar;C:\Java\jdk\jre\lib\ext\access-bridge-64.jar;C:\Java\jdk\jre\lib\ext\cldrdata.jar;C:\Java\jdk\jre\lib\ext\dnsns.jar;C:\Java\jdk\jre\lib\ext\jaccess.jar;C:\Java\jdk\jre\lib\ext\jfxrt.jar;C:\Java\jdk\jre\lib\ext\localedata.jar;C:\Java\jdk\jre\lib\ext\nashorn.jar;C:\Java\jdk\jre\lib\ext\sunec.jar;C:\Java\jdk\jre\lib\ext\sunjce_provider.jar;C:\Java\jdk\jre\lib\ext\sunmscapi.jar;C:\Java\jdk\jre\lib\ext\sunpkcs11.jar;C:\Java\jdk\jre\lib\ext\zipfs.jar;C:\Java\jdk\jre\lib\javaws.jar;C:\Java\jdk\jre\lib\jce.jar;C:\Java\jdk\jre\lib\jfr.jar;C:\Java\jdk\jre\lib\jfxswt.jar;C:\Java\jdk\jre\lib\jsse.jar;C:\Java\jdk\jre\lib\management-agent.jar;C:\Java\jdk\jre\lib\plugin.jar;C:\Java\jdk\jre\lib\resources.jar;C:\Java\jdk\jre\lib\rt.jar;C:\Users\Asus\Desktop\hzb\projects\out\production\vivdCapture;C:\Users\Asus\Desktop\hzb\projects\lib\jpcap.jar;C:\Users\Asus\Desktop\hzb\projects\lib\miglayout-swing.jar;C:\Users\Asus\Desktop\hzb\projects\lib\miglayout-core.jar;C:\Users\Asus\Desktop\hzb\projects\lib\swingx-all-1.6.4.jar;C:\Java\idea\IntelliJ IDEA 2021.2.1\lib\idea_rt.jar
Launcher Type: SUN_STANDARD

Environment Variables:
CLASSPATH=C:\Java\jdk\jre\lib\rt.jar;. ;
PATH=C:\Java\jdk\bin;C:\Program Files\Git\cmd;C:\Program Files\Microsoft VS Code\bin;C:\Users\Asus\AppData\Local\Microsoft\WindowsApps;;C:\Java\idea\IntelliJ IDEA 2020.3.1\bin;
USERNAME=Asus
OS=Windows_NT
PROCESSOR_IDENTIFIER=Intel64 Family 6 Model 78 Stepping 3, GenuineIntel



---------------  S Y S T E M  ---------------

OS: Windows 10.0 , 64 bit Build 18362 (10.0.18362.1350)

CPU:total 4 (2 cores per cpu, 2 threads per core) family 6 model 78 stepping 3, cmov, cx8, fxsr, mmx, sse, sse2, sse3, ssse3, sse4.1, sse4.2, popcnt, avx, avx2, aes, clmul, erms, 3dnowpref, lzcnt, ht, tsc, tscinvbit, bmi1, bmi2, adx

Memory: 4k page, physical 8285248k(3229892k free), swap 9595968k(4063352k free)

vm_info: Java HotSpot(TM) 64-Bit Server VM (25.45-b02) for windows-amd64 JRE (1.8.0_45-b15), built on Apr 30 2015 12:40:44 by "java_re" with MS VC++ 10.0 (VS2010)

time: Tue Mar 08 21:50:53 2022
elapsed time: 5 seconds (0d 0h 0m 5s)

